#
# A fatal error has been detected by the Java Runtime Environment:
#
#  SIGSEGV (0xb) at pc=0x0145164b, pid=2854, tid=2096102256
#
# JRE version: 6.0_20-b20
# Java VM: OpenJDK Server VM (19.0-b09 mixed mode linux-x86 )
# Derivative: IcedTea6 1.9.7
# Distribution: Ubuntu 9.10, package 6b20-1.9.7-0ubuntu1~9.10.1
# Problematic frame:
# V  [libjvm.so+0x49164b]
#
# If you would like to submit a bug report, please include
# instructions how to reproduce the bug and visit:
#   https://bugs.launchpad.net/ubuntu/+source/openjdk-6/
#

---------------  T H R E A D  ---------------

Current thread (0x0987f000):  JavaThread "CompilerThread1" daemon [_thread_in_native, id=2865, stack(0x7ce7f000,0x7cf00000)]

siginfo:si_signo=SIGSEGV: si_errno=0, si_code=1 (SEGV_MAPERR), si_addr=0x00000004

Registers:
EAX=0x00000000, EBX=0x016c5ff4, ECX=0x00001300, EDX=0x7bac4200
ESP=0x7cefd840, EBP=0x7cefd888, ESI=0x7cefe11c, EDI=0x7b198030
EIP=0x0145164b, CR2=0x00000004, EFLAGS=0x00210206

Register to memory mapping:

EAX=0x00000000
0x00000000 is pointing to unknown location

EBX=0x016c5ff4
0x016c5ff4: <offset 0x705ff4> in /usr/lib/jvm/java-6-openjdk/jre/lib/i386/server/libjvm.so at 0x00fc0000

ECX=0x00001300
0x00001300 is pointing to unknown location

EDX=0x7bac4200
0x7bac4200 is pointing to unknown location

ESP=0x7cefd840
0x7cefd840 is pointing into the stack for thread: 0x0987f000
"CompilerThread1" daemon prio=10 tid=0x0987f000 nid=0xb31 runnable [0x00000000]
   java.lang.Thread.State: RUNNABLE

EBP=0x7cefd888
0x7cefd888 is pointing into the stack for thread: 0x0987f000
"CompilerThread1" daemon prio=10 tid=0x0987f000 nid=0xb31 runnable [0x00000000]
   java.lang.Thread.State: RUNNABLE

ESI=0x7cefe11c
0x7cefe11c is pointing into the stack for thread: 0x0987f000
"CompilerThread1" daemon prio=10 tid=0x0987f000 nid=0xb31 runnable [0x00000000]
   java.lang.Thread.State: RUNNABLE

EDI=0x7b198030
0x7b198030 is pointing to unknown location


Top of Stack: (sp=0x7cefd840)
0x7cefd840:   00000400 7cefda60 7cefda60 00002000
0x7cefd850:   7ba19308 00000000 00000400 7cefe12c
0x7cefd860:   09b0ef54 00198030 09a09a54 00001343
0x7cefd870:   097b4318 7b188028 7b188038 016c5ff4
0x7cefd880:   7cc8fa74 09a0e3dc 7cefd908 01451bfc
0x7cefd890:   7cefe11c 7cc8fa74 00000002 00000002
0x7cefd8a0:   7ba20010 00000000 00007ff0 00000002
0x7cefd8b0:   00000008 097b4318 7cefd8e8 00000004 

Instructions: (pc=0x0145164b)
0x0145163b:   50 1c 89 45 e0 8b 86 d0 02 00 00 8d 14 90 8b 02
0x0145164b:   8b 48 04 8b 39 85 ff 75 1f 8b 7e 14 90 8b 48 1c 

Stack: [0x7ce7f000,0x7cf00000],  sp=0x7cefd840,  free space=506k
Native frames: (J=compiled Java code, j=interpreted, Vv=VM code, C=native code)
V  [libjvm.so+0x49164b]
V  [libjvm.so+0x491bfc]
V  [libjvm.so+0x4973e7]
V  [libjvm.so+0x250029]
V  [libjvm.so+0x250bcc]
V  [libjvm.so+0x1da6f3]
V  [libjvm.so+0x254bca]
V  [libjvm.so+0x25570f]
V  [libjvm.so+0x605e48]
V  [libjvm.so+0x60ba6c]
V  [libjvm.so+0x60bb32]
V  [libjvm.so+0x51c771]
C  [libpthread.so.0+0x580e]


Current CompileTask:
C2:902      jregex.Pretokenizer.next()V (1064 bytes)


---------------  P R O C E S S  ---------------

Java Threads: ( => current thread )
  0x09a67c00 JavaThread "New I/O server worker #1-2" [_thread_in_native, id=4456, stack(0x7adaf000,0x7ae00000)]
  0x098c4000 JavaThread "com.mchange.v2.async.ThreadPoolAsynchronousRunner$PoolThread-#2" daemon [_thread_blocked, id=4433, stack(0x7c31a000,0x7c36b000)]
  0x09d45800 JavaThread "com.mchange.v2.async.ThreadPoolAsynchronousRunner$PoolThread-#1" daemon [_thread_blocked, id=4432, stack(0x7bd5e000,0x7bdaf000)]
  0x099e1800 JavaThread "com.mchange.v2.async.ThreadPoolAsynchronousRunner$PoolThread-#0" daemon [_thread_blocked, id=4431, stack(0x7c36b000,0x7c3bc000)]
  0x09c03c00 JavaThread "Timer-1" daemon [_thread_blocked, id=4430, stack(0x7c45e000,0x7c4af000)]
  0x7bea4400 JavaThread "net.sf.ehcache.CacheManager@c7833c" daemon [_thread_blocked, id=2871, stack(0x7c3bc000,0x7c40d000)]
  0x09ae9c00 JavaThread "play-thread-1" [_thread_in_vm, id=2870, stack(0x7c40d000,0x7c45e000)]
  0x7c8a8c00 JavaThread "DestroyJavaVM" [_thread_blocked, id=2855, stack(0xb76b5000,0xb7706000)]
  0x7c8e6800 JavaThread "New I/O server boss #1 ([id: 0x000754fc, /0:0:0:0:0:0:0:0:9000])" [_thread_in_native, id=2868, stack(0x7c4af000,0x7c500000)]
  0x09881000 JavaThread "Low Memory Detector" daemon [_thread_blocked, id=2866, stack(0x7d000000,0x7d051000)]
=>0x0987f000 JavaThread "CompilerThread1" daemon [_thread_in_native, id=2865, stack(0x7ce7f000,0x7cf00000)]
  0x0987cc00 JavaThread "CompilerThread0" daemon [_thread_blocked, id=2864, stack(0x7d051000,0x7d0d2000)]
  0x09871400 JavaThread "JDWP Event Helper Thread" daemon [_thread_blocked, id=2863, stack(0x7d0d2000,0x7d123000)]
  0x0986ec00 JavaThread "JDWP Transport Listener: dt_socket" daemon [_thread_in_native, id=2862, stack(0x7d124000,0x7d175000)]
  0x0984c800 JavaThread "Signal Dispatcher" daemon [_thread_blocked, id=2861, stack(0x7d190000,0x7d1e1000)]
  0x0983d800 JavaThread "Finalizer" daemon [_thread_blocked, id=2860, stack(0x7d1e1000,0x7d232000)]
  0x09838c00 JavaThread "Reference Handler" daemon [_thread_blocked, id=2859, stack(0x7d232000,0x7d283000)]

Other Threads:
  0x09835000 VMThread [stack: 0x7d283000,0x7d304000] [id=2858]
  0x09883000 WatcherThread [stack: 0x7cdfe000,0x7ce7f000] [id=2867]

VM state:not at safepoint (normal execution)

VM Mutex/Monitor currently owned by a thread: None

Heap
 PSYoungGen      total 63296K, used 30663K [0xa4b70000, 0xa9910000, 0xb44c0000)
  eden space 61184K, 46% used [0xa4b70000,0xa675dcb8,0xa8730000)
  from space 2112K, 97% used [0xa9700000,0xa9904158,0xa9910000)
  to   space 4992K, 0% used [0xa8f50000,0xa8f50000,0xa9430000)
 PSOldGen        total 31936K, used 15234K [0x858c0000, 0x877f0000, 0xa4b70000)
  object space 31936K, 47% used [0x858c0000,0x867a09d0,0x877f0000)
 PSPermGen       total 41088K, used 40960K [0x7d8c0000, 0x800e0000, 0x858c0000)
  object space 41088K, 99% used [0x7d8c0000,0x800c00c0,0x800e0000)

Dynamic libraries:
00110000-0011c000 r-xp 00000000 08:05 9073       /usr/lib/jvm/java-6-openjdk/jre/lib/i386/libverify.so
0011c000-0011d000 r--p 0000b000 08:05 9073       /usr/lib/jvm/java-6-openjdk/jre/lib/i386/libverify.so
0011d000-0011e000 rw-p 0000c000 08:05 9073       /usr/lib/jvm/java-6-openjdk/jre/lib/i386/libverify.so
0011e000-00141000 r-xp 00000000 08:05 3389       /usr/lib/jvm/java-6-openjdk/jre/lib/i386/libjava.so
00141000-00142000 r--p 00023000 08:05 3389       /usr/lib/jvm/java-6-openjdk/jre/lib/i386/libjava.so
00142000-00144000 rw-p 00024000 08:05 3389       /usr/lib/jvm/java-6-openjdk/jre/lib/i386/libjava.so
00144000-00157000 r-xp 00000000 08:05 145030     /lib/tls/i686/cmov/libnsl-2.10.1.so
00157000-00158000 r--p 00012000 08:05 145030     /lib/tls/i686/cmov/libnsl-2.10.1.so
00158000-00159000 rw-p 00013000 08:05 145030     /lib/tls/i686/cmov/libnsl-2.10.1.so
00159000-0015b000 rw-p 00000000 00:00 0 
0015b000-00191000 r-xp 00000000 08:05 9060       /usr/lib/jvm/java-6-openjdk/jre/lib/i386/libjdwp.so
00191000-00192000 r--p 00036000 08:05 9060       /usr/lib/jvm/java-6-openjdk/jre/lib/i386/libjdwp.so
00192000-00193000 rw-p 00037000 08:05 9060       /usr/lib/jvm/java-6-openjdk/jre/lib/i386/libjdwp.so
00193000-0019c000 r-xp 00000000 08:05 3384       /usr/lib/jvm/java-6-openjdk/jre/lib/i386/libinstrument.so
0019c000-0019d000 r--p 00008000 08:05 3384       /usr/lib/jvm/java-6-openjdk/jre/lib/i386/libinstrument.so
0019d000-0019e000 rw-p 00009000 08:05 3384       /usr/lib/jvm/java-6-openjdk/jre/lib/i386/libinstrument.so
0019e000-001a4000 r-xp 00000000 08:05 9065       /usr/lib/jvm/java-6-openjdk/jre/lib/i386/libmanagement.so
001a4000-001a5000 r--p 00005000 08:05 9065       /usr/lib/jvm/java-6-openjdk/jre/lib/i386/libmanagement.so
001a5000-001a6000 rw-p 00006000 08:05 9065       /usr/lib/jvm/java-6-openjdk/jre/lib/i386/libmanagement.so
00204000-00207000 r-xp 00000000 08:05 917821     /usr/lib/jvm/java-6-openjdk/jre/lib/i386/jli/libjli.so
00207000-00208000 r--p 00003000 08:05 917821     /usr/lib/jvm/java-6-openjdk/jre/lib/i386/jli/libjli.so
00208000-00209000 rw-p 00004000 08:05 917821     /usr/lib/jvm/java-6-openjdk/jre/lib/i386/jli/libjli.so
0027b000-00281000 r-xp 00000000 08:05 145100     /lib/tls/i686/cmov/libnss_compat-2.10.1.so
00281000-00282000 r--p 00005000 08:05 145100     /lib/tls/i686/cmov/libnss_compat-2.10.1.so
00282000-00283000 rw-p 00006000 08:05 145100     /lib/tls/i686/cmov/libnss_compat-2.10.1.so
00335000-00336000 r-xp 00000000 00:00 0          [vdso]
003d2000-003d9000 r-xp 00000000 08:05 9068       /usr/lib/jvm/java-6-openjdk/jre/lib/i386/libnio.so
003d9000-003da000 r--p 00006000 08:05 9068       /usr/lib/jvm/java-6-openjdk/jre/lib/i386/libnio.so
003da000-003db000 rw-p 00007000 08:05 9068       /usr/lib/jvm/java-6-openjdk/jre/lib/i386/libnio.so
0045d000-00472000 r-xp 00000000 08:05 145124     /lib/tls/i686/cmov/libpthread-2.10.1.so
00472000-00473000 r--p 00014000 08:05 145124     /lib/tls/i686/cmov/libpthread-2.10.1.so
00473000-00474000 rw-p 00015000 08:05 145124     /lib/tls/i686/cmov/libpthread-2.10.1.so
00474000-00476000 rw-p 00000000 00:00 0 
00568000-0056b000 r-xp 00000000 08:05 9069       /usr/lib/jvm/java-6-openjdk/jre/lib/i386/libnpt.so
0056b000-0056c000 r--p 00002000 08:05 9069       /usr/lib/jvm/java-6-openjdk/jre/lib/i386/libnpt.so
0056c000-0056d000 rw-p 00003000 08:05 9069       /usr/lib/jvm/java-6-openjdk/jre/lib/i386/libnpt.so
005fc000-005fe000 r-xp 00000000 08:05 142027     /lib/tls/i686/cmov/libdl-2.10.1.so
005fe000-005ff000 r--p 00001000 08:05 142027     /lib/tls/i686/cmov/libdl-2.10.1.so
005ff000-00600000 rw-p 00002000 08:05 142027     /lib/tls/i686/cmov/libdl-2.10.1.so
006eb000-006ff000 r-xp 00000000 08:05 742        /lib/libz.so.1.2.3.3
006ff000-00700000 r--p 00013000 08:05 742        /lib/libz.so.1.2.3.3
00700000-00701000 rw-p 00014000 08:05 742        /lib/libz.so.1.2.3.3
0073f000-00748000 r-xp 00000000 08:05 145119     /lib/tls/i686/cmov/libnss_nis-2.10.1.so
00748000-00749000 r--p 00008000 08:05 145119     /lib/tls/i686/cmov/libnss_nis-2.10.1.so
00749000-0074a000 rw-p 00009000 08:05 145119     /lib/tls/i686/cmov/libnss_nis-2.10.1.so
00873000-0087a000 r-xp 00000000 08:05 145127     /lib/tls/i686/cmov/librt-2.10.1.so
0087a000-0087b000 r--p 00006000 08:05 145127     /lib/tls/i686/cmov/librt-2.10.1.so
0087b000-0087c000 rw-p 00007000 08:05 145127     /lib/tls/i686/cmov/librt-2.10.1.so
00894000-0089b000 r-xp 00000000 08:05 9074       /usr/lib/jvm/java-6-openjdk/jre/lib/i386/libzip.so
0089b000-0089c000 r--p 00006000 08:05 9074       /usr/lib/jvm/java-6-openjdk/jre/lib/i386/libzip.so
0089c000-0089d000 rw-p 00007000 08:05 9074       /usr/lib/jvm/java-6-openjdk/jre/lib/i386/libzip.so
008f1000-008f4000 r-xp 00000000 08:05 3381       /usr/lib/jvm/java-6-openjdk/jre/lib/i386/libdt_socket.so
008f4000-008f5000 r--p 00002000 08:05 3381       /usr/lib/jvm/java-6-openjdk/jre/lib/i386/libdt_socket.so
008f5000-008f6000 rw-p 00003000 08:05 3381       /usr/lib/jvm/java-6-openjdk/jre/lib/i386/libdt_socket.so
009fb000-00a02000 r-xp 00000000 08:05 918093     /usr/lib/jvm/java-6-openjdk/jre/lib/i386/native_threads/libhpi.so
00a02000-00a03000 r--p 00006000 08:05 918093     /usr/lib/jvm/java-6-openjdk/jre/lib/i386/native_threads/libhpi.so
00a03000-00a04000 rw-p 00007000 08:05 918093     /usr/lib/jvm/java-6-openjdk/jre/lib/i386/native_threads/libhpi.so
00a28000-00a3c000 r-xp 00000000 08:05 9067       /usr/lib/jvm/java-6-openjdk/jre/lib/i386/libnet.so
00a3c000-00a3d000 r--p 00013000 08:05 9067       /usr/lib/jvm/java-6-openjdk/jre/lib/i386/libnet.so
00a3d000-00a3e000 rw-p 00014000 08:05 9067       /usr/lib/jvm/java-6-openjdk/jre/lib/i386/libnet.so
00af1000-00afb000 r-xp 00000000 08:05 145114     /lib/tls/i686/cmov/libnss_files-2.10.1.so
00afb000-00afc000 r--p 00009000 08:05 145114     /lib/tls/i686/cmov/libnss_files-2.10.1.so
00afc000-00afd000 rw-p 0000a000 08:05 145114     /lib/tls/i686/cmov/libnss_files-2.10.1.so
00bf1000-00c0c000 r-xp 00000000 08:05 23         /lib/ld-2.10.1.so
00c0c000-00c0d000 r--p 0001a000 08:05 23         /lib/ld-2.10.1.so
00c0d000-00c0e000 rw-p 0001b000 08:05 23         /lib/ld-2.10.1.so
00c6f000-00c93000 r-xp 00000000 08:05 142328     /lib/tls/i686/cmov/libm-2.10.1.so
00c93000-00c94000 r--p 00023000 08:05 142328     /lib/tls/i686/cmov/libm-2.10.1.so
00c94000-00c95000 rw-p 00024000 08:05 142328     /lib/tls/i686/cmov/libm-2.10.1.so
00e7b000-00fb9000 r-xp 00000000 08:05 141151     /lib/tls/i686/cmov/libc-2.10.1.so
00fb9000-00fba000 ---p 0013e000 08:05 141151     /lib/tls/i686/cmov/libc-2.10.1.so
00fba000-00fbc000 r--p 0013e000 08:05 141151     /lib/tls/i686/cmov/libc-2.10.1.so
00fbc000-00fbd000 rw-p 00140000 08:05 141151     /lib/tls/i686/cmov/libc-2.10.1.so
00fbd000-00fc0000 rw-p 00000000 00:00 0 
00fc0000-01681000 r-xp 00000000 08:05 918094     /usr/lib/jvm/java-6-openjdk/jre/lib/i386/server/libjvm.so
01681000-016c6000 r--p 006c0000 08:05 918094     /usr/lib/jvm/java-6-openjdk/jre/lib/i386/server/libjvm.so
016c6000-016d5000 rw-p 00705000 08:05 918094     /usr/lib/jvm/java-6-openjdk/jre/lib/i386/server/libjvm.so
016d5000-01af4000 rw-p 00000000 00:00 0 
08048000-08051000 r-xp 00000000 08:05 919673     /usr/lib/jvm/java-6-openjdk/jre/bin/java
08051000-08052000 r--p 00008000 08:05 919673     /usr/lib/jvm/java-6-openjdk/jre/bin/java
08052000-08053000 rw-p 00009000 08:05 919673     /usr/lib/jvm/java-6-openjdk/jre/bin/java
0979f000-0a73b000 rw-p 00000000 00:00 0          [heap]
79800000-798c1000 rw-p 00000000 00:00 0 
798c1000-79900000 ---p 00000000 00:00 0 
79a00000-79c00000 rw-p 00000000 00:00 0 
79c00000-79d00000 rw-p 00000000 00:00 0 
79e00000-79f00000 rw-p 00000000 00:00 0 
7a000000-7a0fd000 rw-p 00000000 00:00 0 
7a0fd000-7a100000 ---p 00000000 00:00 0 
7a100000-7a1fb000 rw-p 00000000 00:00 0 
7a1fb000-7a200000 ---p 00000000 00:00 0 
7a200000-7a300000 rw-p 00000000 00:00 0 
7a400000-7a4fb000 rw-p 00000000 00:00 0 
7a4fb000-7a500000 ---p 00000000 00:00 0 
7a600000-7a6fd000 rw-p 00000000 00:00 0 
7a6fd000-7a700000 ---p 00000000 00:00 0 
7a700000-7a800000 rw-p 00000000 00:00 0 
7a800000-7a8fb000 rw-p 00000000 00:00 0 
7a8fb000-7a900000 ---p 00000000 00:00 0 
7a900000-7a9e6000 rw-p 00000000 00:00 0 
7a9e6000-7aa00000 ---p 00000000 00:00 0 
7aa00000-7aaf7000 rw-p 00000000 00:00 0 
7aaf7000-7ab00000 ---p 00000000 00:00 0 
7ab00000-7abe6000 rw-p 00000000 00:00 0 
7abe6000-7ac00000 ---p 00000000 00:00 0 
7ac00000-7acf3000 rw-p 00000000 00:00 0 
7acf3000-7ad00000 ---p 00000000 00:00 0 
7adaf000-7adb2000 ---p 00000000 00:00 0 
7adb2000-7ae00000 rw-p 00000000 00:00 0 
7ae00000-7aef6000 rw-p 00000000 00:00 0 
7aef6000-7af00000 ---p 00000000 00:00 0 
7af00000-7afff000 rw-p 00000000 00:00 0 
7afff000-7b000000 ---p 00000000 00:00 0 
7b000000-7b0e4000 rw-p 00000000 00:00 0 
7b0e4000-7b100000 ---p 00000000 00:00 0 
7b100000-7b1f3000 rw-p 00000000 00:00 0 
7b1f3000-7b200000 ---p 00000000 00:00 0 
7b200000-7b2e9000 rw-p 00000000 00:00 0 
7b2e9000-7b300000 ---p 00000000 00:00 0 
7b300000-7b3f7000 rw-p 00000000 00:00 0 
7b3f7000-7b400000 ---p 00000000 00:00 0 
7b400000-7b4ff000 rw-p 00000000 00:00 0 
7b4ff000-7b500000 ---p 00000000 00:00 0 
7b500000-7b5f7000 rw-p 00000000 00:00 0 
7b5f7000-7b600000 ---p 00000000 00:00 0 
7b600000-7b6e2000 rw-p 00000000 00:00 0 
7b6e2000-7b700000 ---p 00000000 00:00 0 
7b700000-7b7fd000 rw-p 00000000 00:00 0 
7b7fd000-7b800000 ---p 00000000 00:00 0 
7b800000-7b8fb000 rw-p 00000000 00:00 0 
7b8fb000-7b900000 ---p 00000000 00:00 0 
7b900000-7b9b4000 rw-p 00000000 00:00 0 
7b9b4000-7ba00000 ---p 00000000 00:00 0 
7ba00000-7baf9000 rw-p 00000000 00:00 0 
7baf9000-7bb00000 ---p 00000000 00:00 0 
7bb00000-7bbfe000 rw-p 00000000 00:00 0 
7bbfe000-7bc00000 ---p 00000000 00:00 0 
7bc00000-7bcff000 rw-p 00000000 00:00 0 
7bcff000-7bd00000 ---p 00000000 00:00 0 
7bd0d000-7bd10000 ---p 00000000 00:00 0 
7bd10000-7bd5e000 rw-p 00000000 00:00 0 
7bd5e000-7bd61000 ---p 00000000 00:00 0 
7bd61000-7bdaf000 rw-p 00000000 00:00 0 
7bdaf000-7bdb2000 ---p 00000000 00:00 0 
7bdb2000-7be00000 rw-p 00000000 00:00 0 
7be00000-7beff000 rw-p 00000000 00:00 0 
7beff000-7bf00000 ---p 00000000 00:00 0 
7bf00000-7c000000 rw-p 00000000 00:00 0 
7c000000-7c0e9000 rw-p 00000000 00:00 0 
7c0e9000-7c100000 ---p 00000000 00:00 0 
7c100000-7c1fe000 rw-p 00000000 00:00 0 
7c1fe000-7c200000 ---p 00000000 00:00 0 
7c200000-7c300000 rw-p 00000000 00:00 0 
7c31a000-7c31d000 ---p 00000000 00:00 0 
7c31d000-7c36b000 rw-p 00000000 00:00 0 
7c36b000-7c36e000 ---p 00000000 00:00 0 
7c36e000-7c3bc000 rw-p 00000000 00:00 0 
7c3bc000-7c3bf000 ---p 00000000 00:00 0 
7c3bf000-7c40d000 rw-p 00000000 00:00 0 
7c40d000-7c410000 ---p 00000000 00:00 0 
7c410000-7c45e000 rw-p 00000000 00:00 0 
7c45e000-7c461000 ---p 00000000 00:00 0 
7c461000-7c4af000 rw-p 00000000 00:00 0 
7c4af000-7c4b2000 ---p 00000000 00:00 0 
7c4b2000-7c500000 rw-p 00000000 00:00 0 
7c500000-7c5ff000 rw-p 00000000 00:00 0 
7c5ff000-7c600000 ---p 00000000 00:00 0 
7c600000-7c6fc000 rw-p 00000000 00:00 0 
7c6fc000-7c700000 ---p 00000000 00:00 0 
7c700000-7c7f3000 rw-p 00000000 00:00 0 
7c7f3000-7c800000 ---p 00000000 00:00 0 
7c800000-7c8f8000 rw-p 00000000 00:00 0 
7c8f8000-7c900000 ---p 00000000 00:00 0 
7c900000-7c9fa000 rw-p 00000000 00:00 0 
7c9fa000-7ca00000 ---p 00000000 00:00 0 
7ca00000-7cae6000 rw-p 00000000 00:00 0 
7cae6000-7cb00000 ---p 00000000 00:00 0 
7cb0f000-7cb12000 r--s 0000f000 08:05 932400     /home/julia/Desktop/play-1.2.1/framework/lib/geronimo-servlet_2.5_spec-1.2.jar
7cb12000-7cb18000 r--s 00048000 08:05 932384     /home/julia/Desktop/play-1.2.1/framework/lib/async-http-client-1.6.1.jar
7cb18000-7cb1f000 r--s 000b7000 08:05 932425     /home/julia/Desktop/play-1.2.1/framework/lib/mysql-connector-java-5.1.13.jar
7cb1f000-7cb24000 r--s 00048000 08:05 932397     /home/julia/Desktop/play-1.2.1/framework/lib/dom4j-1.6.1.jar
7cb24000-7cb33000 r--s 000b2000 08:05 932426     /home/julia/Desktop/play-1.2.1/framework/lib/netty-3.2.4.Final.jar
7cb33000-7cb3e000 r--s 0008b000 08:05 932386     /home/julia/Desktop/play-1.2.1/framework/lib/c3p0-0.9.1.2.jar
7cb3e000-7cb40000 r--s 00002000 08:05 932420     /home/julia/Desktop/play-1.2.1/framework/lib/jta-1.1.jar
7cb40000-7cb49000 r--s 0005d000 08:05 932406     /home/julia/Desktop/play-1.2.1/framework/lib/hibernate-entitymanager-3.6.0.Final.jar
7cb49000-7cb4c000 r--s 00024000 08:05 932393     /home/julia/Desktop/play-1.2.1/framework/lib/commons-io-2.0.1.jar
7cb4c000-7cb4e000 r--s 00008000 08:05 932429     /home/julia/Desktop/play-1.2.1/framework/lib/signpost-core-1.2.jar
7cb4e000-7cb54000 r--s 00049000 08:05 932387     /home/julia/Desktop/play-1.2.1/framework/lib/cglib-nodep-2.2.jar
7cb54000-7cb56000 r--s 00015000 08:05 932414     /home/julia/Desktop/play-1.2.1/framework/lib/jj-simplecaptcha.jar
7cb56000-7cb5b000 r--s 00041000 08:05 932395     /home/julia/Desktop/play-1.2.1/framework/lib/commons-lang-2.6.jar
7cb5b000-7cb5e000 r--s 00022000 08:05 932409     /home/julia/Desktop/play-1.2.1/framework/lib/jamon-2.7.jar
7cb5e000-7cbb2000 r--s 00516000 08:05 932401     /home/julia/Desktop/play-1.2.1/framework/lib/groovy-all-1.7.7.jar
7cbb2000-7cbc0000 r--s 0007f000 08:05 932390     /home/julia/Desktop/play-1.2.1/framework/lib/commons-collections-3.2.1.jar
7cbc0000-7cbc3000 r--s 0000f000 08:05 932404     /home/julia/Desktop/play-1.2.1/framework/lib/hibernate-commons-annotations-3.2.0.Final.jar
7cbc3000-7cbce000 r--s 0005a000 08:05 932433     /home/julia/Desktop/play-1.2.1/framework/lib/xstream-1.3.jar
7cbce000-7cbd5000 r--s 00059000 08:05 932422     /home/julia/Desktop/play-1.2.1/framework/lib/log4j-1.2.15.jar
7cbd5000-7cbd7000 r--s 0000c000 08:05 932381     /home/julia/Desktop/play-1.2.1/framework/lib/activation-1.1.1.jar
7cbd7000-7cc00000 r--s 00403000 08:05 932427     /home/julia/Desktop/play-1.2.1/framework/lib/org.eclipse.jdt.core-3.6.0.jar
7cc00000-7ccfb000 rw-p 00000000 00:00 0 
7ccfb000-7cd00000 ---p 00000000 00:00 0 
7cd07000-7cd0a000 r--s 00031000 08:05 8268       /usr/lib/jvm/java-6-openjdk/jre/lib/ext/sunjce_provider.jar
7cd0a000-7cd0c000 r--s 00013000 08:05 9048       /usr/lib/jvm/java-6-openjdk/jre/lib/jce.jar
7cd0c000-7cd1b000 r--s 000d9000 08:05 932408     /home/julia/Desktop/play-1.2.1/framework/lib/ivy-2.2.0.jar
7cd1b000-7cd2a000 r--s 00074000 08:05 932417     /home/julia/Desktop/play-1.2.1/framework/lib/joda-time-1.6.jar
7cd2a000-7cd2c000 r--s 0000d000 08:05 932392     /home/julia/Desktop/play-1.2.1/framework/lib/commons-fileupload-1.2.2.jar
7cd2c000-7cd34000 r--s 0008a000 08:05 932410     /home/julia/Desktop/play-1.2.1/framework/lib/javassist-3.9.0.GA.jar
7cd34000-7cd36000 r--s 0000b000 08:05 932415     /home/julia/Desktop/play-1.2.1/framework/lib/jj-textile.jar
7cd36000-7cd40000 r--s 0006f000 08:05 932398     /home/julia/Desktop/play-1.2.1/framework/lib/ehcache-core-2.0.0.jar
7cd40000-7cd42000 r--s 00015000 08:05 932418     /home/julia/Desktop/play-1.2.1/framework/lib/jregex-1.2_01.jar
7cd42000-7cd47000 r--s 00037000 08:05 932424     /home/julia/Desktop/play-1.2.1/framework/lib/memcached-2.4.2.jar
7cd47000-7cd49000 r--s 00001000 08:05 932419     /home/julia/Desktop/play-1.2.1/framework/lib/jsr107cache-1.0.jar
7cd49000-7cd4e000 r--s 00024000 08:05 932402     /home/julia/Desktop/play-1.2.1/framework/lib/gson-1.6.jar
7cd4e000-7cd51000 r--s 00011000 08:05 932399     /home/julia/Desktop/play-1.2.1/framework/lib/ezmorph-1.0.3.jar
7cd51000-7cd5c000 r--s 00124000 08:05 932403     /home/julia/Desktop/play-1.2.1/framework/lib/h2-1.3.149.jar
7cd5c000-7cd5e000 r--s 00005000 08:05 932430     /home/julia/Desktop/play-1.2.1/framework/lib/slf4j-api-1.6.1.jar
7cd5e000-7cd64000 r--s 00034000 08:05 932421     /home/julia/Desktop/play-1.2.1/framework/lib/junit-4.8.1.jar
7cd64000-7cd69000 r--s 00014000 08:05 932407     /home/julia/Desktop/play-1.2.1/framework/lib/hibernate-jpa-2.0-api-1.0.0.Final.jar
7cd69000-7cd6e000 r--s 00020000 08:05 932413     /home/julia/Desktop/play-1.2.1/framework/lib/jj-imaging.jar
7cd6e000-7cd74000 r--s 00038000 08:05 932432     /home/julia/Desktop/play-1.2.1/framework/lib/snakeyaml-1.7.jar
7cd74000-7cd79000 r--s 0002e000 08:05 932383     /home/julia/Desktop/play-1.2.1/framework/lib/asm-all-3.3.1.jar
7cd79000-7cd7a000 r--s 00007000 08:05 932391     /home/julia/Desktop/play-1.2.1/framework/lib/commons-email-1.2.jar
7cd7a000-7cd7c000 r--s 0000e000 08:05 932394     /home/julia/Desktop/play-1.2.1/framework/lib/commons-javaflow-1066591.jar
7cd7c000-7cd82000 r--s 00032000 08:05 932412     /home/julia/Desktop/play-1.2.1/framework/lib/jaxen-1.1.jar
7cd82000-7cd89000 r--s 00038000 08:05 932416     /home/julia/Desktop/play-1.2.1/framework/lib/jj-wikitext.jar
7cd89000-7cd8b000 r--s 0000d000 08:05 932396     /home/julia/Desktop/play-1.2.1/framework/lib/commons-logging-1.1.1.jar
7cd8b000-7cd8c000 r--s 00002000 08:05 932431     /home/julia/Desktop/play-1.2.1/framework/lib/slf4j-log4j12-1.6.1.jar
7cd8c000-7cd93000 r--s 00049000 08:05 932428     /home/julia/Desktop/play-1.2.1/framework/lib/oval-1.50.jar
7cd93000-7cd9a000 r--s 0006a000 08:05 932423     /home/julia/Desktop/play-1.2.1/framework/lib/mail-1.4.3.jar
7cd9a000-7cd9c000 r--s 0000d000 08:05 932389     /home/julia/Desktop/play-1.2.1/framework/lib/commons-codec-1.4.jar
7cd9c000-7cdce000 r--s 002c7000 08:05 932405     /home/julia/Desktop/play-1.2.1/framework/lib/hibernate-core-3.6.1.Final.jar
7cdce000-7cdd3000 r--s 00034000 08:05 932388     /home/julia/Desktop/play-1.2.1/framework/lib/commons-beanutils-1.8.3.jar
7cdd3000-7cdf8000 r--s 00172000 08:05 932385     /home/julia/Desktop/play-1.2.1/framework/lib/bcprov-jdk15-1.45.jar
7cdf8000-7cdfe000 r--s 00067000 08:05 932382     /home/julia/Desktop/play-1.2.1/framework/lib/antlr-2.7.6.jar
7cdfe000-7cdff000 ---p 00000000 00:00 0 
7cdff000-7ce7f000 rw-p 00000000 00:00 0 
7ce7f000-7ce82000 ---p 00000000 00:00 0 
7ce82000-7cf00000 rw-p 00000000 00:00 0 
7cf00000-7cff3000 rw-p 00000000 00:00 0 
7cff3000-7d000000 ---p 00000000 00:00 0 
7d000000-7d003000 ---p 00000000 00:00 0 
7d003000-7d051000 rw-p 00000000 00:00 0 
7d051000-7d054000 ---p 00000000 00:00 0 
7d054000-7d0d2000 rw-p 00000000 00:00 0 
7d0d2000-7d0d5000 ---p 00000000 00:00 0 
7d0d5000-7d124000 rw-p 00000000 00:00 0 
7d124000-7d127000 ---p 00000000 00:00 0 
7d127000-7d175000 rw-p 00000000 00:00 0 
7d175000-7d179000 r--s 0007c000 08:05 9049       /usr/lib/jvm/java-6-openjdk/jre/lib/jsse.jar
7d179000-7d184000 r--s 000b2000 08:05 932436     /home/julia/Desktop/play-1.2.1/framework/play-1.2.1.jar
7d184000-7d187000 r--s 0000f000 08:05 8270       /usr/lib/jvm/java-6-openjdk/jre/lib/ext/pulse-java.jar
7d187000-7d190000 r--s 00065000 08:05 239201     /usr/share/java/gnome-java-bridge.jar
7d190000-7d193000 ---p 00000000 00:00 0 
7d193000-7d1e1000 rw-p 00000000 00:00 0 
7d1e1000-7d1e4000 ---p 00000000 00:00 0 
7d1e4000-7d232000 rw-p 00000000 00:00 0 
7d232000-7d235000 ---p 00000000 00:00 0 
7d235000-7d283000 rw-p 00000000 00:00 0 
7d283000-7d284000 ---p 00000000 00:00 0 
7d284000-7d304000 rw-p 00000000 00:00 0 
7d304000-7d306000 r--s 0001d000 08:05 9054       /usr/lib/jvm/java-6-openjdk/jre/lib/plugin.jar
7d306000-7d30b000 r--s 00044000 08:05 9053       /usr/lib/jvm/java-6-openjdk/jre/lib/netx.jar
7d30b000-7d33e000 rw-p 00000000 00:00 0 
7d33e000-7d4cd000 r--s 038c2000 08:05 2815       /usr/lib/jvm/java-6-openjdk/jre/lib/rt.jar
7d4cd000-7d4ce000 ---p 00000000 00:00 0 
7d4ce000-7d54e000 rw-p 00000000 00:00 0 
7d54e000-7d54f000 ---p 00000000 00:00 0 
7d54f000-7d5e4000 rw-p 00000000 00:00 0 
7d5e4000-7d60f000 rw-p 00000000 00:00 0 
7d60f000-7d61f000 rw-p 00000000 00:00 0 
7d61f000-7d709000 rw-p 00000000 00:00 0 
7d709000-7d71e000 rw-p 00000000 00:00 0 
7d71e000-7d749000 rw-p 00000000 00:00 0 
7d749000-7d759000 rw-p 00000000 00:00 0 
7d759000-7d842000 rw-p 00000000 00:00 0 
7d842000-7d86a000 rw-p 00000000 00:00 0 
7d86a000-7d877000 ---p 00000000 00:00 0 
7d877000-7d8bf000 rw-p 00000000 00:00 0 
7d8bf000-800e0000 rw-p 00000000 00:00 0 
800e0000-858c0000 rw-p 00000000 00:00 0 
858c0000-877f0000 rw-p 00000000 00:00 0 
877f0000-a4b70000 rw-p 00000000 00:00 0 
a4b70000-a9910000 rw-p 00000000 00:00 0 
a9910000-ab410000 ---p 00000000 00:00 0 
ab410000-b44c0000 rw-p 00000000 00:00 0 
b44c0000-b44c1000 r--s 00000000 08:05 932411     /home/julia/Desktop/play-1.2.1/framework/lib/javax.inject-1.0.jar
b44c1000-b44d5000 rw-p 00000000 00:00 0 
b44d5000-b4581000 rw-p 00000000 00:00 0 
b4581000-b4a61000 rwxp 00000000 00:00 0 
b4a61000-b7581000 rw-p 00000000 00:00 0 
b7581000-b7589000 rw-s 00000000 08:05 1222286    /tmp/hsperfdata_julia/2854
b7589000-b75c8000 r--p 00000000 08:05 264901     /usr/lib/locale/en_US.utf8/LC_CTYPE
b75c8000-b76b5000 r--p 00000000 08:05 264840     /usr/lib/locale/en_US.utf8/LC_COLLATE
b76b5000-b76b8000 ---p 00000000 00:00 0 
b76b8000-b7709000 rw-p 00000000 00:00 0 
b7709000-b770a000 r--p 00000000 08:05 264846     /usr/lib/locale/en_US.utf8/LC_NUMERIC
b770a000-b770b000 r--p 00000000 08:05 264822     /usr/lib/locale/en_US.utf8/LC_TIME
b770b000-b770c000 r--p 00000000 08:05 264816     /usr/lib/locale/en_US.utf8/LC_MONETARY
b770c000-b770d000 r--p 00000000 08:05 264682     /usr/lib/locale/en_US.utf8/LC_MESSAGES/SYS_LC_MESSAGES
b770d000-b770e000 r--p 00000000 08:05 265111     /usr/lib/locale/en_US.utf8/LC_PAPER
b770e000-b770f000 r--p 00000000 08:05 264725     /usr/lib/locale/en_US.utf8/LC_NAME
b770f000-b7710000 r--p 00000000 08:05 264815     /usr/lib/locale/en_US.utf8/LC_ADDRESS
b7710000-b7711000 r--p 00000000 08:05 264820     /usr/lib/locale/en_US.utf8/LC_TELEPHONE
b7711000-b7712000 r--p 00000000 08:05 265023     /usr/lib/locale/en_US.utf8/LC_MEASUREMENT
b7712000-b7719000 r--s 00000000 08:05 140572     /usr/lib/gconv/gconv-modules.cache
b7719000-b771a000 r--p 00000000 08:05 264818     /usr/lib/locale/en_US.utf8/LC_IDENTIFICATION
b771a000-b771b000 rw-p 00000000 00:00 0 
b771b000-b771c000 r--p 00000000 00:00 0 
b771c000-b771e000 rw-p 00000000 00:00 0 
bfbb9000-bfbcf000 rw-p 00000000 00:00 0          [stack]

VM Arguments:
jvm_args: -javaagent:/home/julia/Desktop/play-1.2.1/framework/play-1.2.1.jar -Dfile.encoding=utf-8 -Xdebug -Xrunjdwp:transport=dt_socket,address=8000,server=y,suspend=n -Dplay.debug=yes -Dapplication.path=/home/julia/Desktop/IDKFAprovas -Dplay.id= 
java_command: play.server.Server 
Launcher Type: SUN_STANDARD

Environment Variables:
PATH=/usr/local/sbin:/usr/local/bin:/usr/sbin:/usr/bin:/sbin:/bin:/usr/games:/home/julia/Desktop/play-1.2.1/:/home/julia/Desktop/play-1.2.1/
USERNAME=julia
LD_LIBRARY_PATH=/usr/lib/jvm/java-6-openjdk/jre/lib/i386/server:/usr/lib/jvm/java-6-openjdk/jre/lib/i386:/usr/lib/jvm/java-6-openjdk/jre/../lib/i386
SHELL=/bin/bash
DISPLAY=:0.0

Signal Handlers:
SIGSEGV: [libjvm.so+0x645d90], sa_mask[0]=0x7ffbfeff, sa_flags=0x10000004
SIGBUS: [libjvm.so+0x645d90], sa_mask[0]=0x7ffbfeff, sa_flags=0x10000004
SIGFPE: [libjvm.so+0x518b50], sa_mask[0]=0x7ffbfeff, sa_flags=0x10000004
SIGPIPE: [libjvm.so+0x518b50], sa_mask[0]=0x7ffbfeff, sa_flags=0x10000004
SIGXFSZ: [libjvm.so+0x518b50], sa_mask[0]=0x7ffbfeff, sa_flags=0x10000004
SIGILL: [libjvm.so+0x518b50], sa_mask[0]=0x7ffbfeff, sa_flags=0x10000004
SIGUSR1: SIG_DFL, sa_mask[0]=0x00000000, sa_flags=0x00000000
SIGUSR2: [libjvm.so+0x5181f0], sa_mask[0]=0x00000000, sa_flags=0x10000004
SIGHUP: [libjvm.so+0x51acd0], sa_mask[0]=0x7ffbfeff, sa_flags=0x10000004
SIGINT: [libjvm.so+0x51acd0], sa_mask[0]=0x7ffbfeff, sa_flags=0x10000004
SIGTERM: [libjvm.so+0x51acd0], sa_mask[0]=0x7ffbfeff, sa_flags=0x10000004
SIGQUIT: [libjvm.so+0x51acd0], sa_mask[0]=0x7ffbfeff, sa_flags=0x10000004


---------------  S Y S T E M  ---------------

OS:Ubuntu 9.10 (karmic)
uname:Linux 2.6.31-23-generic #75-Ubuntu SMP Fri Mar 18 18:08:39 UTC 2011 i686
libc:glibc 2.10.1 NPTL 2.10.1 
rlimit: STACK 8192k, CORE 0k, NPROC infinity, NOFILE 1024, AS infinity
load average:0.04 0.11 0.22

/proc/meminfo:
MemTotal:        3062096 kB
MemFree:         1821328 kB
Buffers:           94364 kB
Cached:           578916 kB
SwapCached:            0 kB
Active:           819268 kB
Inactive:         347944 kB
Active(anon):     637020 kB
Inactive(anon):       16 kB
Active(file):     182248 kB
Inactive(file):   347928 kB
Unevictable:           0 kB
Mlocked:               0 kB
HighTotal:       2201096 kB
HighFree:        1114388 kB
LowTotal:         861000 kB
LowFree:          706940 kB
SwapTotal:       2232992 kB
SwapFree:        2232992 kB
Dirty:                76 kB
Writeback:             0 kB
AnonPages:        493972 kB
Mapped:           102696 kB
Slab:              41164 kB
SReclaimable:      23572 kB
SUnreclaim:        17592 kB
PageTables:         6308 kB
NFS_Unstable:          0 kB
Bounce:                0 kB
WritebackTmp:          0 kB
CommitLimit:     3764040 kB
Committed_AS:    1999996 kB
VmallocTotal:     122880 kB
VmallocUsed:       17504 kB
VmallocChunk:      69704 kB
HugePages_Total:       0
HugePages_Free:        0
HugePages_Rsvd:        0
HugePages_Surp:        0
Hugepagesize:       4096 kB
DirectMap4k:       16376 kB
DirectMap4M:      892928 kB


CPU:total 2 (2 cores per cpu, 1 threads per core) family 6 model 23 stepping 10, cmov, cx8, fxsr, mmx, sse, sse2, sse3, ssse3, sse4.1

Memory: 4k page, physical 3062096k(1821328k free), swap 2232992k(2232992k free)

vm_info: OpenJDK Server VM (19.0-b09) for linux-x86 JRE (1.6.0_20-b20), built on Feb 23 2011 19:23:19 by "buildd" with gcc 4.4.1

time: Fri Jul  1 21:26:09 2011
elapsed time: 6443 seconds

